<?xml version="1.0" encoding="UTF-8"?>
<testng-results skipped="0" failed="0" ignored="0" total="1" passed="1">
  <reporter-output>
  </reporter-output>
  <suite name="Default suite" duration-ms="204" started-at="2020-02-12T12:16:44 EST" finished-at="2020-02-12T12:16:45 EST">
    <groups>
    </groups>
    <test name="Default test" duration-ms="204" started-at="2020-02-12T12:16:44 EST" finished-at="2020-02-12T12:16:45 EST">
      <class name="Chapter5.varArgs">
        <test-method status="PASS" signature="Varargtest()[pri:0, instance:Chapter5.varArgs@3327bd23]" name="Varargtest" duration-ms="32" started-at="2020-02-12T12:16:45 EST" finished-at="2020-02-12T12:16:45 EST">
          <reporter-output>
          </reporter-output>
        </test-method> <!-- Varargtest -->
      </class> <!-- Chapter5.varArgs -->
    </test> <!-- Default test -->
  </suite> <!-- Default suite -->
</testng-results>
